<?xml version="1.0" encoding="UTF-8"?>
<testsuite xmlns:xsi="http://www.w3.org/2001/XMLSchema-instance" xsi:noNamespaceSchemaLocation="https://maven.apache.org/surefire/maven-surefire-plugin/xsd/surefire-test-report.xsd" name="TestSuite" time="15.046" tests="4" errors="0" skipped="0" failures="1">
  <properties>
[...]
</properties>
  <testcase name="getPlaceAPI" classname="MavenFramwwork.APIGetRequest" time="6.155"/>
  <testcase name="createPlaceAPI" classname="MavenFramwwork.Demo" time="2.023"/>
  <testcase name="addNdeleteID" classname="MavenFramwwork.AddnDeletetheRequest" time="2.425">
    <failure message="1 expectation failed.&#10;Expected status code &lt;201&gt; but was &lt;500&gt;.&#10;" type="java.lang.AssertionError"><![CDATA[java.lang.AssertionError: 
1 expectation failed.
Expected status code <201> but was <500>.

	at MavenFramwwork.AddnDeletetheRequest.addNdeleteID(AddnDeletetheRequest.java:44)
]]></failure>
    <system-out><![CDATA[HTTP/1.1 500 Internal Server Error
X-Powered-By: Express
Vary: Origin, X-HTTP-Method-Override, Accept-Encoding
Access-Control-Allow-Credentials: true
Cache-Control: no-cache
Pragma: no-cache
Expires: -1
Content-Type: text/html; charset=utf-8
ETag: W/"506-jx+fuAzaaaZsWG1/c/9B3znRktI"
Content-Encoding: gzip
Date: Mon, 19 Nov 2018 16:42:10 GMT
Connection: keep-alive
Transfer-Encoding: chunked

<html>
  <body>Error: Insert failed, duplicate id
    at Function.insert (C:\Users\tushar\AppData\Roaming\npm\node_modules\json-server\node_modules\lodash-id\src\index.js:49:18)
    at C:\Users\tushar\AppData\Roaming\npm\node_modules\json-server\node_modules\lodash\lodash.js:4374:28
    at arrayReduce (C:\Users\tushar\AppData\Roaming\npm\node_modules\json-server\node_modules\lodash\lodash.js:683:21)
    at baseWrapperValue (C:\Users\tushar\AppData\Roaming\npm\node_modules\json-server\node_modules\lodash\lodash.js:4373:14)
    at LodashWrapper.wrapperValue (C:\Users\tushar\AppData\Roaming\npm\node_modules\json-server\node_modules\lodash\lodash.js:9052:14)
    at create (C:\Users\tushar\AppData\Roaming\npm\node_modules\json-server\lib\server\router\plural.js:221:52)
    at Layer.handle [as handle_request] (C:\Users\tushar\AppData\Roaming\npm\node_modules\json-server\node_modules\express\lib\router\layer.js:95:5)
    at next (C:\Users\tushar\AppData\Roaming\npm\node_modules\json-server\node_modules\express\lib\router\route.js:137:13)
    at next (C:\Users\tushar\AppData\Roaming\npm\node_modules\json-server\node_modules\express\lib\router\route.js:131:14)
    at Route.dispatch (C:\Users\tushar\AppData\Roaming\npm\node_modules\json-server\node_modules\express\lib\router\route.js:112:3)</body>
</html>
]]></system-out>
  </testcase>
  <testcase name="createPlaceAPI" classname="MavenFramwwork.PostRequest" time="0.374"/>
</testsuite>